# JRE version: OpenJDK Runtime Environment Temurin-17.0.10+7 (17.0.10+7) (build 17.0.10+7)
# Java VM: OpenJDK 64-Bit Server VM Temurin-17.0.10+7 (17.0.10+7, mixed mode, sharing, tiered, compressed oops, compressed class ptrs, g1 gc, windows-amd64)
GC Precious Log:
 CPUs: 12 total, 12 available
 Memory: 7863M
 Large Page Support: Disabled
 NUMA Support: Disabled
 Compressed Oops: Enabled (Zero based)
 Heap Region Size: 2M
 Heap Min Capacity: 8M
 Heap Initial Capacity: 124M
 Heap Max Capacity: 4G
 Pre-touch: Disabled
 Parallel Workers: 10
 Concurrent Workers: 3
 Concurrent Refinement Workers: 10
 Periodic GC: Disabled
Heap:
 garbage-first heap   total 303104K, used 165024K [0x0000000700000000, 0x0000000800000000)
  region size 2048K, 51 young (104448K), 2 survivors (4096K)
 Metaspace       used 72322K, committed 73152K, reserved 1114112K
  class space    used 9958K, committed 10368K, reserved 1048576K
GC Heap History (20 events):
Event: 32.328 GC heap before
{Heap before GC invocations=22 (full 0):
 garbage-first heap   total 96256K, used 77936K [0x0000000700000000, 0x0000000800000000)
  region size 2048K, 14 young (28672K), 2 survivors (4096K)
 Metaspace       used 71409K, committed 72128K, reserved 1114112K
  class space    used 9934K, committed 10240K, reserved 1048576K
}
Event: 32.336 GC heap after
{Heap after GC invocations=23 (full 0):
 garbage-first heap   total 96256K, used 55779K [0x0000000700000000, 0x0000000800000000)
  region size 2048K, 2 young (4096K), 2 survivors (4096K)
 Metaspace       used 71409K, committed 72128K, reserved 1114112K
  class space    used 9934K, committed 10240K, reserved 1048576K
}
Event: 34.759 GC heap before
{Heap before GC invocations=24 (full 0):
 garbage-first heap   total 100352K, used 76259K [0x0000000700000000, 0x0000000800000000)
  region size 2048K, 13 young (26624K), 2 survivors (4096K)
 Metaspace       used 71950K, committed 72640K, reserved 1114112K
  class space    used 9947K, committed 10304K, reserved 1048576K
}
Event: 34.766 GC heap after
{Heap after GC invocations=25 (full 0):
 garbage-first heap   total 100352K, used 57511K [0x0000000700000000, 0x0000000800000000)
  region size 2048K, 1 young (2048K), 1 survivors (2048K)
 Metaspace       used 71950K, committed 72640K, reserved 1114112K
  class space    used 9947K, committed 10304K, reserved 1048576K
}
Event: 43.608 GC heap before
{Heap before GC invocations=25 (full 0):
 garbage-first heap   total 100352K, used 80039K [0x0000000700000000, 0x0000000800000000)
  region size 2048K, 12 young (24576K), 1 survivors (2048K)
 Metaspace       used 71971K, committed 72704K, reserved 1114112K
  class space    used 9947K, committed 10304K, reserved 1048576K
}
Event: 43.612 GC heap after
{Heap after GC invocations=26 (full 0):
 garbage-first heap   total 100352K, used 57807K [0x0000000700000000, 0x0000000800000000)
  region size 2048K, 2 young (4096K), 2 survivors (4096K)
 Metaspace       used 71971K, committed 72704K, reserved 1114112K
  class space    used 9947K, committed 10304K, reserved 1048576K
}
Event: 53.109 GC heap before
{Heap before GC invocations=27 (full 0):
 garbage-first heap   total 106496K, used 80335K [0x0000000700000000, 0x0000000800000000)
  region size 2048K, 13 young (26624K), 2 survivors (4096K)
 Metaspace       used 71977K, committed 72704K, reserved 1114112K
  class space    used 9947K, committed 10304K, reserved 1048576K
}
Event: 53.121 GC heap after
{Heap after GC invocations=28 (full 0):
 garbage-first heap   total 106496K, used 58130K [0x0000000700000000, 0x0000000800000000)
  region size 2048K, 1 young (2048K), 1 survivors (2048K)
 Metaspace       used 71977K, committed 72704K, reserved 1114112K
  class space    used 9947K, committed 10304K, reserved 1048576K
}
Event: 54.687 GC heap before
{Heap before GC invocations=28 (full 0):
 garbage-first heap   total 106496K, used 62226K [0x0000000700000000, 0x0000000800000000)
  region size 2048K, 5 young (10240K), 1 survivors (2048K)
 Metaspace       used 72022K, committed 72704K, reserved 1114112K
  class space    used 9949K, committed 10304K, reserved 1048576K
}
Event: 54.692 GC heap after
{Heap after GC invocations=29 (full 0):
 garbage-first heap   total 106496K, used 58295K [0x0000000700000000, 0x0000000800000000)
  region size 2048K, 1 young (2048K), 1 survivors (2048K)
 Metaspace       used 72022K, committed 72704K, reserved 1114112K
  class space    used 9949K, committed 10304K, reserved 1048576K
}
Event: 54.746 GC heap before
{Heap before GC invocations=30 (full 0):
 garbage-first heap   total 122880K, used 78775K [0x0000000700000000, 0x0000000800000000)
  region size 2048K, 10 young (20480K), 1 survivors (2048K)
 Metaspace       used 72167K, committed 72960K, reserved 1114112K
  class space    used 9957K, committed 10368K, reserved 1048576K
}
Event: 54.753 GC heap after
{Heap after GC invocations=31 (full 0):
 garbage-first heap   total 122880K, used 61449K [0x0000000700000000, 0x0000000800000000)
  region size 2048K, 2 young (4096K), 2 survivors (4096K)
 Metaspace       used 72167K, committed 72960K, reserved 1114112K
  class space    used 9957K, committed 10368K, reserved 1048576K
}
Event: 54.821 GC heap before
{Heap before GC invocations=32 (full 0):
 garbage-first heap   total 151552K, used 102409K [0x0000000700000000, 0x0000000800000000)
  region size 2048K, 21 young (43008K), 2 survivors (4096K)
 Metaspace       used 72262K, committed 73088K, reserved 1114112K
  class space    used 9957K, committed 10368K, reserved 1048576K
}
Event: 54.825 GC heap after
{Heap after GC invocations=33 (full 0):
 garbage-first heap   total 151552K, used 61365K [0x0000000700000000, 0x0000000800000000)
  region size 2048K, 2 young (4096K), 2 survivors (4096K)
 Metaspace       used 72262K, committed 73088K, reserved 1114112K
  class space    used 9957K, committed 10368K, reserved 1048576K
}
Event: 54.893 GC heap before
{Heap before GC invocations=33 (full 0):
 garbage-first heap   total 151552K, used 124853K [0x0000000700000000, 0x0000000800000000)
  region size 2048K, 33 young (67584K), 2 survivors (4096K)
 Metaspace       used 72286K, committed 73088K, reserved 1114112K
  class space    used 9957K, committed 10368K, reserved 1048576K
}
Event: 54.897 GC heap after
{Heap after GC invocations=34 (full 0):
 garbage-first heap   total 151552K, used 66291K [0x0000000700000000, 0x0000000800000000)
  region size 2048K, 2 young (4096K), 2 survivors (4096K)
 Metaspace       used 72286K, committed 73088K, reserved 1114112K
  class space    used 9957K, committed 10368K, reserved 1048576K
}
Event: 54.956 GC heap before
{Heap before GC invocations=34 (full 0):
 garbage-first heap   total 151552K, used 123635K [0x0000000700000000, 0x0000000800000000)
  region size 2048K, 31 young (63488K), 2 survivors (4096K)
 Metaspace       used 72298K, committed 73088K, reserved 1114112K
  class space    used 9958K, committed 10368K, reserved 1048576K
}
Event: 54.960 GC heap after
{Heap after GC invocations=35 (full 0):
 garbage-first heap   total 303104K, used 66078K [0x0000000700000000, 0x0000000800000000)
  region size 2048K, 2 young (4096K), 2 survivors (4096K)
 Metaspace       used 72298K, committed 73088K, reserved 1114112K
  class space    used 9958K, committed 10368K, reserved 1048576K
}
Event: 55.224 GC heap before
{Heap before GC invocations=35 (full 0):
 garbage-first heap   total 303104K, used 236062K [0x0000000700000000, 0x0000000800000000)
  region size 2048K, 85 young (174080K), 2 survivors (4096K)
 Metaspace       used 72319K, committed 73152K, reserved 1114112K
  class space    used 9958K, committed 10368K, reserved 1048576K
}
Event: 55.227 GC heap after
{Heap after GC invocations=36 (full 0):
 garbage-first heap   total 303104K, used 66720K [0x0000000700000000, 0x0000000800000000)
  region size 2048K, 2 young (4096K), 2 survivors (4096K)
 Metaspace       used 72319K, committed 73152K, reserved 1114112K
  class space    used 9958K, committed 10368K, reserved 1048576K
}

